{
  "RSpec": {
    "coverage": {
      "/Users/lucasdevelopment/turing/2module/projects/timed-exercise/timed_exercise/app/helpers/application_helper.rb": [
        1,
        null
      ],
      "/Users/lucasdevelopment/turing/2module/projects/timed-exercise/timed_exercise/spec/features/user_can_delete_a_student_spec.rb": [
        1,
        null,
        1,
        1,
        1,
        1,
        1,
        1,
        null,
        1,
        null,
        1,
        1,
        null,
        1,
        null,
        1,
        1,
        null,
        null,
        null
      ],
      "/Users/lucasdevelopment/turing/2module/projects/timed-exercise/timed_exercise/spec/features/user_can_edit_a_student_spec.rb": [
        1,
        null,
        1,
        1,
        1,
        1,
        1,
        null,
        1,
        1,
        1,
        null,
        1,
        1,
        null,
        null,
        null
      ],
      "/Users/lucasdevelopment/turing/2module/projects/timed-exercise/timed_exercise/spec/features/user_can_see_a_list_of_all_students_spec.rb": [
        1,
        null,
        1,
        1,
        1,
        1,
        1,
        1,
        null,
        1,
        null,
        1,
        1,
        1,
        null,
        null,
        null
      ],
      "/Users/lucasdevelopment/turing/2module/projects/timed-exercise/timed_exercise/spec/features/user_can_visit_student_show_page_spec.rb": [
        1,
        null,
        1,
        1,
        1,
        1,
        1,
        null,
        1,
        null,
        1,
        null,
        null,
        null
      ],
      "/Users/lucasdevelopment/turing/2module/projects/timed-exercise/timed_exercise/spec/models/student_spec.rb": [
        1,
        null,
        1,
        1,
        2,
        null,
        null
      ],
      "/Users/lucasdevelopment/turing/2module/projects/timed-exercise/timed_exercise/app/models/student.rb": [
        1,
        1,
        null
      ],
      "/Users/lucasdevelopment/turing/2module/projects/timed-exercise/timed_exercise/app/models/application_record.rb": [
        1,
        1,
        null
      ],
      "/Users/lucasdevelopment/turing/2module/projects/timed-exercise/timed_exercise/app/controllers/students_controller.rb": [
        1,
        null,
        1,
        3,
        null,
        null,
        1,
        1,
        null,
        null,
        1,
        1,
        1,
        1,
        1,
        null,
        0,
        null,
        null,
        null,
        1,
        3,
        null,
        null,
        1,
        1,
        null,
        null,
        1,
        1,
        1,
        1,
        1,
        1,
        null,
        0,
        null,
        null,
        null,
        1,
        1,
        1,
        1,
        null,
        null,
        1,
        null,
        1,
        2,
        null,
        null
      ],
      "/Users/lucasdevelopment/turing/2module/projects/timed-exercise/timed_exercise/app/controllers/application_controller.rb": [
        1,
        1,
        null
      ]
    },
    "timestamp": 1531254097
  }
}
